{"uuid":"730aa21d-edf8-4cfe-bd83-75a1338ac1b6","name":"TestPackage.LandingPageTest","children":["53d083ae-76fb-42f3-9c39-3f2f9db2f902","fb172442-f96c-4ae3-a563-414723c7a567"],"befores":[{"name":"setUpTest","status":"broken","statusDetails":{"known":false,"muted":false,"flaky":false,"message":"Illegal character in scheme name at index 0:  http://192.168.1.43:4444/wd/hub","trace":"java.lang.IllegalArgumentException: Illegal character in scheme name at index 0:  http://192.168.1.43:4444/wd/hub\r\n\tat java.base/java.net.URI.create(URI.java:932)\r\n\tat TestPackage.BaseTest.setUpTest(BaseTest.java:42)\r\n\tat java.base/jdk.internal.reflect.DirectMethodHandleAccessor.invoke(DirectMethodHandleAccessor.java:103)\r\n\tat java.base/java.lang.reflect.Method.invoke(Method.java:580)\r\n\tat org.testng.internal.invokers.MethodInvocationHelper.invokeMethod(MethodInvocationHelper.java:141)\r\n\tat org.testng.internal.invokers.MethodInvocationHelper.invokeMethodConsideringTimeout(MethodInvocationHelper.java:71)\r\n\tat org.testng.internal.invokers.ConfigInvoker.invokeConfigurationMethod(ConfigInvoker.java:400)\r\n\tat org.testng.internal.invokers.ConfigInvoker.invokeConfigurations(ConfigInvoker.java:333)\r\n\tat org.testng.internal.invokers.TestMethodWorker.invokeBeforeClassMethods(TestMethodWorker.java:188)\r\n\tat org.testng.internal.invokers.TestMethodWorker.run(TestMethodWorker.java:128)\r\n\tat java.base/java.util.ArrayList.forEach(ArrayList.java:1597)\r\n\tat org.testng.TestRunner.privateRun(TestRunner.java:739)\r\n\tat org.testng.TestRunner.run(TestRunner.java:614)\r\n\tat org.testng.SuiteRunner.runTest(SuiteRunner.java:421)\r\n\tat org.testng.SuiteRunner.runSequentially(SuiteRunner.java:413)\r\n\tat org.testng.SuiteRunner.privateRun(SuiteRunner.java:373)\r\n\tat org.testng.SuiteRunner.run(SuiteRunner.java:312)\r\n\tat org.testng.SuiteRunnerWorker.runSuite(SuiteRunnerWorker.java:52)\r\n\tat org.testng.SuiteRunnerWorker.run(SuiteRunnerWorker.java:95)\r\n\tat org.testng.TestNG.runSuitesSequentially(TestNG.java:1274)\r\n\tat org.testng.TestNG.runSuitesLocally(TestNG.java:1208)\r\n\tat org.testng.TestNG.runSuites(TestNG.java:1112)\r\n\tat org.testng.TestNG.run(TestNG.java:1079)\r\n\tat org.testng.remote.AbstractRemoteTestNG.run(AbstractRemoteTestNG.java:115)\r\n\tat org.testng.remote.RemoteTestNG.initAndRun(RemoteTestNG.java:293)\r\n\tat org.testng.remote.RemoteTestNG.main(RemoteTestNG.java:91)\r\nCaused by: java.net.URISyntaxException: Illegal character in scheme name at index 0:  http://192.168.1.43:4444/wd/hub\r\n\tat java.base/java.net.URI$Parser.fail(URI.java:2995)\r\n\tat java.base/java.net.URI$Parser.checkChars(URI.java:3166)\r\n\tat java.base/java.net.URI$Parser.checkChar(URI.java:3176)\r\n\tat java.base/java.net.URI$Parser.parse(URI.java:3191)\r\n\tat java.base/java.net.URI.<init>(URI.java:645)\r\n\tat java.base/java.net.URI.create(URI.java:930)\r\n\t... 25 more\r\n"},"stage":"finished","description":"","steps":[],"attachments":[],"parameters":[],"start":1730729774222,"stop":1730729775555}],"afters":[{"name":"tearDown","status":"broken","stage":"finished","description":"","steps":[],"attachments":[],"parameters":[],"start":1730729775730,"stop":1730729775730}],"start":1730729774188,"stop":1730729775751}